[2025-07-02 12:08:08.683] [/Users/yelei/data/code/projects/go/taurus-pro/taurus-pro-common/bin/main.go:21] [INFO] 通过管理器获取的文件日志记录器
[2025-07-02 12:08:08.684] [/Users/yelei/data/code/projects/go/taurus-pro/taurus-pro-common/bin/main.go:21] [WARN] 这是一条警告日志
[2025-07-02 12:08:08.684] [/Users/yelei/data/code/projects/go/taurus-pro/taurus-pro-common/bin/main.go:371] [ERROR] 捕获到 panic: runtime error: index out of range [100] with length 0
[2025-07-02 14:56:08.290] [/Users/yelei/data/code/projects/go/taurus-pro/taurus-pro-common/bin/main.go:21] [INFO] 通过管理器获取的文件日志记录器
[2025-07-02 14:56:08.291] [/Users/yelei/data/code/projects/go/taurus-pro/taurus-pro-common/bin/main.go:21] [WARN] 这是一条警告日志
[2025-07-02 14:56:08.292] [/Users/yelei/data/code/projects/go/taurus-pro/taurus-pro-common/bin/main.go:371] [ERROR] 捕获到 panic: runtime error: index out of range [100] with length 0
[2025-07-15 10:33:16.816] [taurus-pro-common/bin/main.go:316] [INFO] 通过管理器获取的文件日志记录器
[2025-07-15 10:33:16.817] [taurus-pro-common/bin/main.go:317] [WARN] 这是一条警告日志
[2025-07-15 10:33:16.818] [taurus-pro-common/bin/main.go:394] [ERROR] 捕获到 panic: runtime error: index out of range [100] with length 0
[2025-07-15 10:37:58.246] [taurus-pro-common/bin/main.go:316] [INFO] 通过管理器获取的文件日志记录器
[2025-07-15 10:37:58.246] [taurus-pro-common/bin/main.go:317] [WARN] 这是一条警告日志
[2025-07-15 10:37:58.248] [taurus-pro-common/bin/main.go:394] [ERROR] 捕获到 panic: runtime error: index out of range [100] with length 0
[2025-07-15 10:49:50.347] [taurus-pro-common/bin/main.go:316] [INFO] 通过管理器获取的文件日志记录器
[2025-07-15 10:49:50.347] [taurus-pro-common/bin/main.go:317] [WARN] 这是一条警告日志
[2025-07-15 10:49:50.348] [taurus-pro-common/bin/main.go:394] [ERROR] 捕获到 panic: runtime error: index out of range [100] with length 0
[2025-09-22 16:45:59.940] [taurus-pro-common/bin/main.go:316] [INFO] 通过管理器获取的文件日志记录器
[2025-09-22 16:45:59.941] [taurus-pro-common/bin/main.go:317] [WARN] 这是一条警告日志
[2025-09-22 16:46:49.819] [taurus-pro-common/bin/main.go:316] [INFO] 通过管理器获取的文件日志记录器
[2025-09-22 16:46:49.819] [taurus-pro-common/bin/main.go:317] [WARN] 这是一条警告日志
[2025-09-22 16:51:51.627] [taurus-pro-common/bin/main.go:316] [INFO] 通过管理器获取的文件日志记录器
[2025-09-22 16:51:51.627] [taurus-pro-common/bin/main.go:317] [WARN] 这是一条警告日志
[2025-09-22 16:52:03.604] [taurus-pro-common/bin/main.go:316] [INFO] 通过管理器获取的文件日志记录器
[2025-09-22 16:52:03.604] [taurus-pro-common/bin/main.go:317] [WARN] 这是一条警告日志
